<?xml version='1.0' encoding='UTF-8'?>
<testsuite hostname="JoseBlancos-MBP" name="forcomp.AnagramsSuite" tests="11" errors="0" failures="2" skipped="0" time="1.777" timestamp="2020-03-22T17:00:52">
                     <properties>
[...]
</properties>
                     <testcase classname="forcomp.AnagramsSuite" name="get: eat (10pts)" time="1.701">
                                                 
                                               </testcase><testcase classname="forcomp.AnagramsSuite" name="sentenceOccurrences: abcd e (5pts)" time="0.005">
                                                 
                                               </testcase><testcase classname="forcomp.AnagramsSuite" name="wordAnagrams player (2pts)" time="0.003">
                                                 
                                               </testcase><testcase classname="forcomp.AnagramsSuite" name="combinations: [] (8pts)" time="0.001">
                                                 
                                               </testcase><testcase classname="forcomp.AnagramsSuite" name="sentence anagrams: Linux rulez (10pts)" time="0.032">
                                                 <failure message="java.lang.AssertionError: expected:&lt;HashSet(List(Zulu, nil, Rex), List(Rex, Uzi, null), List(rulez, Linux), List(Zulu, Rex, Lin), List(Zulu, Rex, nil), List(Rex, Lin, Zulu), List(Rex, Zulu, nil), List(Lin, Zulu, Rex), List(null, Uzi, Rex), List(Zulu, Lin, Rex), List(Linux, rulez), List(Uzi, null, Rex), List(Uzi, Rex, null), List(Lin, Rex, Zulu), List(nil, Rex, Zulu), List(nil, Zulu, Rex), List(null, Rex, Uzi), List(Rex, Zulu, Lin), List(Rex, nil, Zulu), List(Rex, null, Uzi))&gt; but was:&lt;Set()&gt;" type="sbt.ForkMain$ForkError">sbt.ForkMain$ForkError: java.lang.AssertionError: expected:&lt;HashSet(List(Zulu, nil, Rex), List(Rex, Uzi, null), List(rulez, Linux), List(Zulu, Rex, Lin), List(Zulu, Rex, nil), List(Rex, Lin, Zulu), List(Rex, Zulu, nil), List(Lin, Zulu, Rex), List(null, Uzi, Rex), List(Zulu, Lin, Rex), List(Linux, rulez), List(Uzi, null, Rex), List(Uzi, Rex, null), List(Lin, Rex, Zulu), List(nil, Rex, Zulu), List(nil, Zulu, Rex), List(null, Rex, Uzi), List(Rex, Zulu, Lin), List(Rex, nil, Zulu), List(Rex, null, Uzi))&gt; but was:&lt;Set()&gt;
	at org.junit.Assert.fail(Assert.java:88)
	at org.junit.Assert.failNotEquals(Assert.java:743)
	at org.junit.Assert.assertEquals(Assert.java:118)
	at org.junit.Assert.assertEquals(Assert.java:144)
	at forcomp.AnagramsSuite.sentence$u0020anagrams$colon$u0020Linux$u0020rulez$u0020$u002810pts$u0029(AnagramsSuite.scala:90)
	at java.base/jdk.internal.reflect.NativeMethodAccessorImpl.invoke0(Native Method)
	at java.base/jdk.internal.reflect.NativeMethodAccessorImpl.invoke(NativeMethodAccessorImpl.java:62)
	at java.base/jdk.internal.reflect.DelegatingMethodAccessorImpl.invoke(DelegatingMethodAccessorImpl.java:43)
	at java.base/java.lang.reflect.Method.invoke(Method.java:566)
	at org.junit.runners.model.FrameworkMethod$1.runReflectiveCall(FrameworkMethod.java:47)
	at org.junit.internal.runners.model.ReflectiveCallable.run(ReflectiveCallable.java:12)
	at org.junit.runners.model.FrameworkMethod.invokeExplosively(FrameworkMethod.java:44)
	at org.junit.internal.runners.statements.InvokeMethod.evaluate(InvokeMethod.java:17)
	at org.junit.internal.runners.statements.FailOnTimeout$StatementThread.run(FailOnTimeout.java:74)
</failure>
                                               </testcase><testcase classname="forcomp.AnagramsSuite" name="subtract: lard - r (10pts)" time="0.016">
                                                 
                                               </testcase><testcase classname="forcomp.AnagramsSuite" name="wordAnagrams married (2pts)" time="0.002">
                                                 
                                               </testcase><testcase classname="forcomp.AnagramsSuite" name="sentence anagrams: [] (10pts)" time="0.001">
                                                 <failure message="java.lang.AssertionError: expected:&lt;List(List())&gt; but was:&lt;List()&gt;" type="sbt.ForkMain$ForkError">sbt.ForkMain$ForkError: java.lang.AssertionError: expected:&lt;List(List())&gt; but was:&lt;List()&gt;
	at org.junit.Assert.fail(Assert.java:88)
	at org.junit.Assert.failNotEquals(Assert.java:743)
	at org.junit.Assert.assertEquals(Assert.java:118)
	at org.junit.Assert.assertEquals(Assert.java:144)
	at forcomp.AnagramsSuite.sentence$u0020anagrams$colon$u0020$u005B$u005D$u0020$u002810pts$u0029(AnagramsSuite.scala:63)
	at java.base/jdk.internal.reflect.NativeMethodAccessorImpl.invoke0(Native Method)
	at java.base/jdk.internal.reflect.NativeMethodAccessorImpl.invoke(NativeMethodAccessorImpl.java:62)
	at java.base/jdk.internal.reflect.DelegatingMethodAccessorImpl.invoke(DelegatingMethodAccessorImpl.java:43)
	at java.base/java.lang.reflect.Method.invoke(Method.java:566)
	at org.junit.runners.model.FrameworkMethod$1.runReflectiveCall(FrameworkMethod.java:47)
	at org.junit.internal.runners.model.ReflectiveCallable.run(ReflectiveCallable.java:12)
	at org.junit.runners.model.FrameworkMethod.invokeExplosively(FrameworkMethod.java:44)
	at org.junit.internal.runners.statements.InvokeMethod.evaluate(InvokeMethod.java:17)
	at org.junit.internal.runners.statements.FailOnTimeout$StatementThread.run(FailOnTimeout.java:74)
</failure>
                                               </testcase><testcase classname="forcomp.AnagramsSuite" name="wordOccurrences: Robert (3pts)" time="0.001">
                                                 
                                               </testcase><testcase classname="forcomp.AnagramsSuite" name="combinations: abba (8pts)" time="0.014">
                                                 
                                               </testcase><testcase classname="forcomp.AnagramsSuite" name="wordOccurrences: abcd (3pts)" time="0.001">
                                                 
                                               </testcase>
                     <system-out><![CDATA[]]></system-out>
                     <system-err><![CDATA[]]></system-err>
                   </testsuite>