<?xml version='1.0' encoding='UTF-8'?>
<testsuite hostname="Joses-MacBook-Pro.local" name="example.ListsSuite" tests="12" errors="0" failures="0" skipped="0" time="0.154" timestamp="2020-01-26T14:57:48">
                     <properties>
[...]
</properties>
                     <testcase classname="example.ListsSuite" name="one plus one is three (0pts)?" time="0.1">
                                                 
                                               </testcase><testcase classname="example.ListsSuite" name="max with negatives (10pts)" time="0.05">
                                                 
                                               </testcase><testcase classname="example.ListsSuite" name="max of a few numbers (10pts)" time="0.0">
                                                 
                                               </testcase><testcase classname="example.ListsSuite" name="intNotZero throws an exception if its argument is 0" time="0.0">
                                                 
                                               </testcase><testcase classname="example.ListsSuite" name="sum of repeated (10pts)" time="0.001">
                                                 
                                               </testcase><testcase classname="example.ListsSuite" name="details why one plus one is not three (0pts)" time="0.0">
                                                 
                                               </testcase><testcase classname="example.ListsSuite" name="sum of a few numbers (10pts)" time="0.0">
                                                 
                                               </testcase><testcase classname="example.ListsSuite" name="max of empty (10pts)" time="0.0">
                                                 
                                               </testcase><testcase classname="example.ListsSuite" name="sum of empty (10pts)" time="0.0">
                                                 
                                               </testcase><testcase classname="example.ListsSuite" name="one plus one is two (0pts)" time="0.001">
                                                 
                                               </testcase><testcase classname="example.ListsSuite" name="sum with negative number (10pts)" time="0.001">
                                                 
                                               </testcase><testcase classname="example.ListsSuite" name="max of list with repeated numbers (10pts)" time="0.001">
                                                 
                                               </testcase>
                     <system-out><![CDATA[]]></system-out>
                     <system-err><![CDATA[]]></system-err>
                   </testsuite>